0 info it worked if it ends with ok
1 verbose cli [ '/usr/bin/node', '/usr/bin/npm', 'install', 'node-gcm' ]
2 info using npm@1.4.23
3 info using node@v0.10.31
4 verbose node symlink /usr/bin/node
5 verbose cache add [ 'node-gcm', null ]
6 verbose cache add name=undefined spec="node-gcm" args=["node-gcm",null]
7 verbose parsed url { protocol: null,
7 verbose parsed url   slashes: null,
7 verbose parsed url   auth: null,
7 verbose parsed url   host: null,
7 verbose parsed url   port: null,
7 verbose parsed url   hostname: null,
7 verbose parsed url   hash: null,
7 verbose parsed url   search: null,
7 verbose parsed url   query: null,
7 verbose parsed url   pathname: 'node-gcm',
7 verbose parsed url   path: 'node-gcm',
7 verbose parsed url   href: 'node-gcm' }
8 silly lockFile e7031116-node-gcm node-gcm
9 verbose lock node-gcm /home/hernan/.npm/e7031116-node-gcm.lock
10 silly lockFile e7031116-node-gcm node-gcm
11 silly lockFile e7031116-node-gcm node-gcm
12 verbose addNamed [ 'node-gcm', '' ]
13 verbose addNamed [ null, '*' ]
14 silly lockFile 76bb3c36-node-gcm node-gcm@
15 verbose lock node-gcm@ /home/hernan/.npm/76bb3c36-node-gcm.lock
16 silly addNameRange { name: 'node-gcm', range: '*', hasData: false }
17 verbose request where is /node-gcm
18 verbose request registry https://registry.npmjs.org/
19 verbose request id cad07288ee9dd610
20 verbose url raw /node-gcm
21 verbose url resolving [ 'https://registry.npmjs.org/', './node-gcm' ]
22 verbose url resolved https://registry.npmjs.org/node-gcm
23 verbose request where is https://registry.npmjs.org/node-gcm
24 info trying registry request attempt 1 at 00:50:24
25 http GET https://registry.npmjs.org/node-gcm
26 http 200 https://registry.npmjs.org/node-gcm
27 silly registry.get cb [ 200,
27 silly registry.get   { date: 'Wed, 05 Nov 2014 02:50:24 GMT',
27 silly registry.get     server: 'CouchDB/1.5.0 (Erlang OTP/R16B03)',
27 silly registry.get     etag: '"AP73DBVEQSFYMZD9AX5NVMP61"',
27 silly registry.get     'content-type': 'application/json',
27 silly registry.get     'cache-control': 'max-age=60',
27 silly registry.get     'content-length': '28883',
27 silly registry.get     'accept-ranges': 'bytes',
27 silly registry.get     via: '1.1 varnish',
27 silly registry.get     age: '54',
27 silly registry.get     'x-served-by': 'cache-iad2123-IAD',
27 silly registry.get     'x-cache': 'HIT',
27 silly registry.get     'x-cache-hits': '1',
27 silly registry.get     'x-timer': 'S1415155824.833969,VS0,VE0',
27 silly registry.get     vary: 'Accept',
27 silly registry.get     'keep-alive': 'timeout=10, max=50',
27 silly registry.get     connection: 'Keep-Alive' } ]
28 silly addNameRange number 2 { name: 'node-gcm', range: '*', hasData: true }
29 silly addNameRange versions [ 'node-gcm',
29 silly addNameRange   [ '0.9.1',
29 silly addNameRange     '0.9.2',
29 silly addNameRange     '0.9.3',
29 silly addNameRange     '0.9.4',
29 silly addNameRange     '0.9.5',
29 silly addNameRange     '0.9.6',
29 silly addNameRange     '0.9.7',
29 silly addNameRange     '0.9.8',
29 silly addNameRange     '0.9.9',
29 silly addNameRange     '0.9.10',
29 silly addNameRange     '0.9.11',
29 silly addNameRange     '0.9.12' ] ]
30 verbose addNamed [ 'node-gcm', '0.9.12' ]
31 verbose addNamed [ '0.9.12', '0.9.12' ]
32 silly lockFile 298c0408-node-gcm-0-9-12 node-gcm@0.9.12
33 verbose lock node-gcm@0.9.12 /home/hernan/.npm/298c0408-node-gcm-0-9-12.lock
34 silly lockFile f2799669-org-node-gcm-node-gcm-0-9-12-tgz https://registry.npmjs.org/node-gcm/-/node-gcm-0.9.12.tgz
35 verbose lock https://registry.npmjs.org/node-gcm/-/node-gcm-0.9.12.tgz /home/hernan/.npm/f2799669-org-node-gcm-node-gcm-0-9-12-tgz.lock
36 verbose addRemoteTarball [ 'https://registry.npmjs.org/node-gcm/-/node-gcm-0.9.12.tgz',
36 verbose addRemoteTarball   '833ecedb67b1d3df5ada32f7e29b9bbddaec421c' ]
37 info retry fetch attempt 1 at 00:50:25
38 verbose fetch to= /tmp/npm-7043-f1aRmZP0/registry.npmjs.org/node-gcm/-/node-gcm-0.9.12.tgz
39 http GET https://registry.npmjs.org/node-gcm/-/node-gcm-0.9.12.tgz
40 http 200 https://registry.npmjs.org/node-gcm/-/node-gcm-0.9.12.tgz
41 silly lockFile f2799669-org-node-gcm-node-gcm-0-9-12-tgz https://registry.npmjs.org/node-gcm/-/node-gcm-0.9.12.tgz
42 silly lockFile f2799669-org-node-gcm-node-gcm-0-9-12-tgz https://registry.npmjs.org/node-gcm/-/node-gcm-0.9.12.tgz
43 silly lockFile 298c0408-node-gcm-0-9-12 node-gcm@0.9.12
44 silly lockFile 298c0408-node-gcm-0-9-12 node-gcm@0.9.12
45 silly lockFile 76bb3c36-node-gcm node-gcm@
46 silly lockFile 76bb3c36-node-gcm node-gcm@
47 silly resolved [ { name: 'node-gcm',
47 silly resolved     description: 'a Node.JS wrapper library-port for Google Cloud Messaging for Android',
47 silly resolved     version: '0.9.12',
47 silly resolved     author: { name: 'Marcus Farkas', email: 'toothlessgear@finitebox.com' },
47 silly resolved     contributors:
47 silly resolved      [ [Object],
47 silly resolved        [Object],
47 silly resolved        [Object],
47 silly resolved        [Object],
47 silly resolved        [Object],
47 silly resolved        [Object],
47 silly resolved        [Object],
47 silly resolved        [Object],
47 silly resolved        [Object],
47 silly resolved        [Object],
47 silly resolved        [Object],
47 silly resolved        [Object],
47 silly resolved        [Object],
47 silly resolved        [Object],
47 silly resolved        [Object],
47 silly resolved        [Object],
47 silly resolved        [Object],
47 silly resolved        [Object],
47 silly resolved        [Object],
47 silly resolved        [Object] ],
47 silly resolved     repository:
47 silly resolved      { type: 'git',
47 silly resolved        url: 'http://github.com/ToothlessGear/node-gcm.git',
47 silly resolved        web: 'http://github.com/ToothlessGear/node-gcm' },
47 silly resolved     keywords:
47 silly resolved      [ 'google',
47 silly resolved        'cloud',
47 silly resolved        'push',
47 silly resolved        'notifications',
47 silly resolved        'android',
47 silly resolved        'c2dm',
47 silly resolved        'gcm' ],
47 silly resolved     main: 'index',
47 silly resolved     dependencies: { request: '^2.27.0', debug: '^0.8.1' },
47 silly resolved     devDependencies: {},
47 silly resolved     optionalDependencies: {},
47 silly resolved     engines: { node: '>= 0.6.0' },
47 silly resolved     gitHead: 'f1f890c0d9c2a0ce2746f08e0bc76e67e8bbe24f',
47 silly resolved     bugs: { url: 'https://github.com/ToothlessGear/node-gcm/issues' },
47 silly resolved     homepage: 'https://github.com/ToothlessGear/node-gcm',
47 silly resolved     _id: 'node-gcm@0.9.12',
47 silly resolved     scripts: {},
47 silly resolved     _shasum: '833ecedb67b1d3df5ada32f7e29b9bbddaec421c',
47 silly resolved     _from: 'node-gcm@',
47 silly resolved     _npmVersion: '1.4.14',
47 silly resolved     _npmUser: { name: 'toothlessgear', email: 'toothlessgear@finitebox.com' },
47 silly resolved     maintainers: [ [Object] ],
47 silly resolved     dist:
47 silly resolved      { shasum: '833ecedb67b1d3df5ada32f7e29b9bbddaec421c',
47 silly resolved        tarball: 'http://registry.npmjs.org/node-gcm/-/node-gcm-0.9.12.tgz' },
47 silly resolved     directories: {},
47 silly resolved     _resolved: 'https://registry.npmjs.org/node-gcm/-/node-gcm-0.9.12.tgz' } ]
48 info install node-gcm@0.9.12 into /home/hernan/phonegap/projects/rescatista/www/js
49 info installOne node-gcm@0.9.12
50 verbose node_modules/node-gcm unbuild
51 verbose tar unpack /home/hernan/.npm/node-gcm/0.9.12/package.tgz
52 silly lockFile 675f70e3-sta-www-js-node-modules-node-gcm tar:///home/hernan/phonegap/projects/rescatista/www/js/node_modules/node-gcm
53 verbose lock tar:///home/hernan/phonegap/projects/rescatista/www/js/node_modules/node-gcm /home/hernan/.npm/675f70e3-sta-www-js-node-modules-node-gcm.lock
54 silly lockFile 2dd29262--npm-node-gcm-0-9-12-package-tgz tar:///home/hernan/.npm/node-gcm/0.9.12/package.tgz
55 verbose lock tar:///home/hernan/.npm/node-gcm/0.9.12/package.tgz /home/hernan/.npm/2dd29262--npm-node-gcm-0-9-12-package-tgz.lock
56 silly gunzTarPerm modes [ '775', '664' ]
57 silly gunzTarPerm extractEntry package.json
58 silly gunzTarPerm modified mode [ 'package.json', 420, 436 ]
59 silly gunzTarPerm extractEntry .npmignore
60 silly gunzTarPerm modified mode [ '.npmignore', 420, 436 ]
61 silly gunzTarPerm extractEntry README.md
62 silly gunzTarPerm modified mode [ 'README.md', 420, 436 ]
63 silly gunzTarPerm extractEntry LICENSE
64 silly gunzTarPerm modified mode [ 'LICENSE', 420, 436 ]
65 silly gunzTarPerm extractEntry index.js
66 silly gunzTarPerm modified mode [ 'index.js', 420, 436 ]
67 silly gunzTarPerm extractEntry lib/constants.js
68 silly gunzTarPerm modified mode [ 'lib/constants.js', 420, 436 ]
69 silly gunzTarPerm extractEntry lib/message.js
70 silly gunzTarPerm modified mode [ 'lib/message.js', 420, 436 ]
71 silly gunzTarPerm extractEntry lib/multicastresult.js
72 silly gunzTarPerm modified mode [ 'lib/multicastresult.js', 420, 436 ]
73 silly gunzTarPerm extractEntry lib/node-gcm.js
74 silly gunzTarPerm modified mode [ 'lib/node-gcm.js', 420, 436 ]
75 silly gunzTarPerm extractEntry lib/result.js
76 silly gunzTarPerm modified mode [ 'lib/result.js', 420, 436 ]
77 silly gunzTarPerm extractEntry lib/sender.js
78 silly gunzTarPerm modified mode [ 'lib/sender.js', 420, 436 ]
79 silly lockFile 675f70e3-sta-www-js-node-modules-node-gcm tar:///home/hernan/phonegap/projects/rescatista/www/js/node_modules/node-gcm
80 silly lockFile 675f70e3-sta-www-js-node-modules-node-gcm tar:///home/hernan/phonegap/projects/rescatista/www/js/node_modules/node-gcm
81 silly lockFile 2dd29262--npm-node-gcm-0-9-12-package-tgz tar:///home/hernan/.npm/node-gcm/0.9.12/package.tgz
82 silly lockFile 2dd29262--npm-node-gcm-0-9-12-package-tgz tar:///home/hernan/.npm/node-gcm/0.9.12/package.tgz
83 info preinstall node-gcm@0.9.12
84 verbose readDependencies using package.json deps
85 verbose readDependencies using package.json deps
86 verbose cache add [ 'request@^2.27.0', null ]
87 verbose cache add name=undefined spec="request@^2.27.0" args=["request@^2.27.0",null]
88 verbose parsed url { protocol: null,
88 verbose parsed url   slashes: null,
88 verbose parsed url   auth: null,
88 verbose parsed url   host: null,
88 verbose parsed url   port: null,
88 verbose parsed url   hostname: null,
88 verbose parsed url   hash: null,
88 verbose parsed url   search: null,
88 verbose parsed url   query: null,
88 verbose parsed url   pathname: 'request@^2.27.0',
88 verbose parsed url   path: 'request@^2.27.0',
88 verbose parsed url   href: 'request@^2.27.0' }
89 verbose cache add [ 'debug@^0.8.1', null ]
90 verbose cache add name=undefined spec="debug@^0.8.1" args=["debug@^0.8.1",null]
91 verbose parsed url { protocol: null,
91 verbose parsed url   slashes: null,
91 verbose parsed url   auth: null,
91 verbose parsed url   host: null,
91 verbose parsed url   port: null,
91 verbose parsed url   hostname: null,
91 verbose parsed url   hash: null,
91 verbose parsed url   search: null,
91 verbose parsed url   query: null,
91 verbose parsed url   pathname: 'debug@^0.8.1',
91 verbose parsed url   path: 'debug@^0.8.1',
91 verbose parsed url   href: 'debug@^0.8.1' }
92 verbose cache add name="request" spec="^2.27.0" args=["request","^2.27.0"]
93 verbose parsed url { protocol: null,
93 verbose parsed url   slashes: null,
93 verbose parsed url   auth: null,
93 verbose parsed url   host: null,
93 verbose parsed url   port: null,
93 verbose parsed url   hostname: null,
93 verbose parsed url   hash: null,
93 verbose parsed url   search: null,
93 verbose parsed url   query: null,
93 verbose parsed url   pathname: '^2.27.0',
93 verbose parsed url   path: '^2.27.0',
93 verbose parsed url   href: '^2.27.0' }
94 verbose addNamed [ 'request', '^2.27.0' ]
95 verbose addNamed [ null, '>=2.27.0-0 <3.0.0-0' ]
96 silly lockFile 5ec17b72-request-2-27-0 request@^2.27.0
97 verbose lock request@^2.27.0 /home/hernan/.npm/5ec17b72-request-2-27-0.lock
98 verbose cache add name="debug" spec="^0.8.1" args=["debug","^0.8.1"]
99 verbose parsed url { protocol: null,
99 verbose parsed url   slashes: null,
99 verbose parsed url   auth: null,
99 verbose parsed url   host: null,
99 verbose parsed url   port: null,
99 verbose parsed url   hostname: null,
99 verbose parsed url   hash: null,
99 verbose parsed url   search: null,
99 verbose parsed url   query: null,
99 verbose parsed url   pathname: '^0.8.1',
99 verbose parsed url   path: '^0.8.1',
99 verbose parsed url   href: '^0.8.1' }
100 verbose addNamed [ 'debug', '^0.8.1' ]
101 verbose addNamed [ null, '>=0.8.1-0 <0.9.0-0' ]
102 silly lockFile aca27dec-debug-0-8-1 debug@^0.8.1
103 verbose lock debug@^0.8.1 /home/hernan/.npm/aca27dec-debug-0-8-1.lock
104 silly addNameRange { name: 'request', range: '>=2.27.0-0 <3.0.0-0', hasData: false }
105 silly addNameRange { name: 'debug', range: '>=0.8.1-0 <0.9.0-0', hasData: false }
106 verbose request where is /debug
107 verbose request registry https://registry.npmjs.org/
108 verbose url raw /debug
109 verbose url resolving [ 'https://registry.npmjs.org/', './debug' ]
110 verbose url resolved https://registry.npmjs.org/debug
111 verbose request where is https://registry.npmjs.org/debug
112 info trying registry request attempt 1 at 00:50:26
113 verbose etag "X0H4NVRP00Z4L2PSZKJ137OA"
114 http GET https://registry.npmjs.org/debug
115 verbose request where is /request
116 verbose request registry https://registry.npmjs.org/
117 verbose url raw /request
118 verbose url resolving [ 'https://registry.npmjs.org/', './request' ]
119 verbose url resolved https://registry.npmjs.org/request
120 verbose request where is https://registry.npmjs.org/request
121 info trying registry request attempt 1 at 00:50:26
122 verbose etag "E7UL2OE5NSC1K4BRC357QQLE"
123 http GET https://registry.npmjs.org/request
124 http 200 https://registry.npmjs.org/debug
125 silly registry.get cb [ 200,
125 silly registry.get   { date: 'Wed, 05 Nov 2014 02:50:26 GMT',
125 silly registry.get     server: 'CouchDB/1.5.0 (Erlang OTP/R16B03)',
125 silly registry.get     etag: '"BWMD72JWBAIND5V8QRU6MMLCL"',
125 silly registry.get     'content-type': 'application/json',
125 silly registry.get     'cache-control': 'max-age=60',
125 silly registry.get     'content-length': '28186',
125 silly registry.get     'accept-ranges': 'bytes',
125 silly registry.get     via: '1.1 varnish',
125 silly registry.get     age: '3',
125 silly registry.get     'x-served-by': 'cache-iad2121-IAD',
125 silly registry.get     'x-cache': 'HIT',
125 silly registry.get     'x-cache-hits': '1',
125 silly registry.get     'x-timer': 'S1415155826.841598,VS0,VE0',
125 silly registry.get     vary: 'Accept',
125 silly registry.get     'keep-alive': 'timeout=10, max=50',
125 silly registry.get     connection: 'Keep-Alive' } ]
126 silly addNameRange number 2 { name: 'debug', range: '>=0.8.1-0 <0.9.0-0', hasData: true }
127 silly addNameRange versions [ 'debug',
127 silly addNameRange   [ '0.0.1',
127 silly addNameRange     '0.1.0',
127 silly addNameRange     '0.2.0',
127 silly addNameRange     '0.3.0',
127 silly addNameRange     '0.4.0',
127 silly addNameRange     '0.4.1',
127 silly addNameRange     '0.5.0',
127 silly addNameRange     '0.6.0',
127 silly addNameRange     '0.7.0',
127 silly addNameRange     '0.7.1',
127 silly addNameRange     '0.7.2',
127 silly addNameRange     '0.7.3',
127 silly addNameRange     '0.7.4',
127 silly addNameRange     '0.8.0',
127 silly addNameRange     '0.8.1',
127 silly addNameRange     '1.0.0',
127 silly addNameRange     '1.0.1',
127 silly addNameRange     '1.0.2',
127 silly addNameRange     '1.0.3',
127 silly addNameRange     '1.0.4',
127 silly addNameRange     '2.0.0',
127 silly addNameRange     '2.1.0' ] ]
128 verbose addNamed [ 'debug', '0.8.1' ]
129 verbose addNamed [ '0.8.1', '0.8.1' ]
130 silly lockFile a38530e1-debug-0-8-1 debug@0.8.1
131 verbose lock debug@0.8.1 /home/hernan/.npm/a38530e1-debug-0-8-1.lock
132 silly lockFile a38530e1-debug-0-8-1 debug@0.8.1
133 silly lockFile a38530e1-debug-0-8-1 debug@0.8.1
134 silly lockFile aca27dec-debug-0-8-1 debug@^0.8.1
135 silly lockFile aca27dec-debug-0-8-1 debug@^0.8.1
136 http 200 https://registry.npmjs.org/request
137 silly registry.get cb [ 200,
137 silly registry.get   { date: 'Wed, 05 Nov 2014 02:50:26 GMT',
137 silly registry.get     server: 'CouchDB/1.5.0 (Erlang OTP/R16B03)',
137 silly registry.get     etag: '"D8UZ32H7H5DL24LY1VM9KEPN3"',
137 silly registry.get     'content-type': 'application/json',
137 silly registry.get     'cache-control': 'max-age=60',
137 silly registry.get     'content-length': '122179',
137 silly registry.get     'accept-ranges': 'bytes',
137 silly registry.get     via: '1.1 varnish',
137 silly registry.get     age: '36',
137 silly registry.get     'x-served-by': 'cache-iad2130-IAD',
137 silly registry.get     'x-cache': 'HIT',
137 silly registry.get     'x-cache-hits': '1',
137 silly registry.get     'x-timer': 'S1415155826.838665,VS0,VE1',
137 silly registry.get     vary: 'Accept',
137 silly registry.get     'keep-alive': 'timeout=10, max=50',
137 silly registry.get     connection: 'Keep-Alive' } ]
138 silly addNameRange number 2 { name: 'request', range: '>=2.27.0-0 <3.0.0-0', hasData: true }
139 silly addNameRange versions [ 'request',
139 silly addNameRange   [ '0.10.0',
139 silly addNameRange     '0.8.3',
139 silly addNameRange     '0.9.0',
139 silly addNameRange     '0.9.1',
139 silly addNameRange     '0.9.5',
139 silly addNameRange     '1.0.0',
139 silly addNameRange     '1.1.0',
139 silly addNameRange     '1.1.1',
139 silly addNameRange     '1.2.0',
139 silly addNameRange     '1.9.0',
139 silly addNameRange     '1.9.1',
139 silly addNameRange     '1.9.2',
139 silly addNameRange     '1.9.3',
139 silly addNameRange     '1.9.5',
139 silly addNameRange     '1.9.7',
139 silly addNameRange     '1.9.8',
139 silly addNameRange     '1.9.9',
139 silly addNameRange     '2.0.0',
139 silly addNameRange     '2.0.1',
139 silly addNameRange     '2.0.2',
139 silly addNameRange     '2.0.3',
139 silly addNameRange     '2.0.4',
139 silly addNameRange     '2.0.5',
139 silly addNameRange     '2.1.0',
139 silly addNameRange     '2.1.1',
139 silly addNameRange     '2.2.0',
139 silly addNameRange     '2.2.5',
139 silly addNameRange     '2.2.6',
139 silly addNameRange     '2.2.9',
139 silly addNameRange     '2.9.0',
139 silly addNameRange     '2.9.1',
139 silly addNameRange     '2.9.2',
139 silly addNameRange     '2.9.3',
139 silly addNameRange     '2.9.100',
139 silly addNameRange     '2.9.150',
139 silly addNameRange     '2.9.151',
139 silly addNameRange     '2.9.152',
139 silly addNameRange     '2.9.153',
139 silly addNameRange     '2.9.200',
139 silly addNameRange     '2.9.201',
139 silly addNameRange     '2.9.202',
139 silly addNameRange     '2.9.203',
139 silly addNameRange     '2.10.0',
139 silly addNameRange     '2.11.0',
139 silly addNameRange     '2.11.1',
139 silly addNameRange     '2.11.2',
139 silly addNameRange     '2.11.3',
139 silly addNameRange     '2.11.4',
139 silly addNameRange     '2.12.0',
139 silly addNameRange     '2.14.0',
139 silly addNameRange     '2.16.0',
139 silly addNameRange     '2.16.2',
139 silly addNameRange     '2.16.4',
139 silly addNameRange     '2.16.6',
139 silly addNameRange     '2.18.0',
139 silly addNameRange     '2.19.0',
139 silly addNameRange     '2.20.0',
139 silly addNameRange     '2.21.0',
139 silly addNameRange     '2.22.0',
139 silly addNameRange     '2.23.0',
139 silly addNameRange     '2.24.0',
139 silly addNameRange     '2.25.0',
139 silly addNameRange     '2.26.0',
139 silly addNameRange     '2.27.0',
139 silly addNameRange     '2.28.0',
139 silly addNameRange     '2.29.0',
139 silly addNameRange     '2.30.0',
139 silly addNameRange     '2.31.0',
139 silly addNameRange     '2.32.0',
139 silly addNameRange     '2.33.0',
139 silly addNameRange     '2.34.0',
139 silly addNameRange     '2.35.0',
139 silly addNameRange     '2.36.0',
139 silly addNameRange     '2.37.0',
139 silly addNameRange     '2.38.0',
139 silly addNameRange     '2.39.0',
139 silly addNameRange     '2.40.0',
139 silly addNameRange     '2.41.0',
139 silly addNameRange     '2.42.0',
139 silly addNameRange     '2.43.0',
139 silly addNameRange     '2.44.0',
139 silly addNameRange     '2.45.0',
139 silly addNameRange     '2.46.0',
139 silly addNameRange     '2.47.0' ] ]
140 verbose addNamed [ 'request', '2.47.0' ]
141 verbose addNamed [ '2.47.0', '2.47.0' ]
142 silly lockFile 6725db09-request-2-47-0 request@2.47.0
143 verbose lock request@2.47.0 /home/hernan/.npm/6725db09-request-2-47-0.lock
144 silly lockFile 5a101fd8-s-org-request-request-2-47-0-tgz https://registry.npmjs.org/request/-/request-2.47.0.tgz
145 verbose lock https://registry.npmjs.org/request/-/request-2.47.0.tgz /home/hernan/.npm/5a101fd8-s-org-request-request-2-47-0-tgz.lock
146 verbose addRemoteTarball [ 'https://registry.npmjs.org/request/-/request-2.47.0.tgz',
146 verbose addRemoteTarball   '09e9fd1a4fed6593a805ef8202b20f0c5ecb485f' ]
147 info retry fetch attempt 1 at 00:50:27
148 verbose fetch to= /tmp/npm-7043-f1aRmZP0/registry.npmjs.org/request/-/request-2.47.0.tgz
149 http GET https://registry.npmjs.org/request/-/request-2.47.0.tgz
150 http 200 https://registry.npmjs.org/request/-/request-2.47.0.tgz
151 silly lockFile 5a101fd8-s-org-request-request-2-47-0-tgz https://registry.npmjs.org/request/-/request-2.47.0.tgz
152 silly lockFile 5a101fd8-s-org-request-request-2-47-0-tgz https://registry.npmjs.org/request/-/request-2.47.0.tgz
153 silly lockFile 6725db09-request-2-47-0 request@2.47.0
154 silly lockFile 6725db09-request-2-47-0 request@2.47.0
155 silly lockFile 5ec17b72-request-2-27-0 request@^2.27.0
156 silly lockFile 5ec17b72-request-2-27-0 request@^2.27.0
157 verbose about to build /home/hernan/phonegap/projects/rescatista/www/js/node_modules/node-gcm
158 verbose node_modules/node-gcm unbuild
159 info preuninstall node-gcm@0.9.12
160 info uninstall node-gcm@0.9.12
161 verbose true,/home/hernan/phonegap/projects/rescatista/www/js/node_modules,/home/hernan/phonegap/projects/rescatista/www/js/node_modules unbuild node-gcm@0.9.12
162 info postuninstall node-gcm@0.9.12
163 error Error: EACCES, mkdir '/home/hernan/.npm/request/2.47.0'
163 error  { [Error: EACCES, mkdir '/home/hernan/.npm/request/2.47.0']
163 error   errno: 3,
163 error   code: 'EACCES',
163 error   path: '/home/hernan/.npm/request/2.47.0',
163 error   parent: 'node-gcm' }
164 error Please try running this command again as root/Administrator.
165 error System Linux 3.13.0-35-generic
166 error command "/usr/bin/node" "/usr/bin/npm" "install" "node-gcm"
167 error cwd /home/hernan/phonegap/projects/rescatista/www/js
168 error node -v v0.10.31
169 error npm -v 1.4.23
170 error path /home/hernan/.npm/request/2.47.0
171 error code EACCES
172 error errno 3
173 error stack Error: EACCES, mkdir '/home/hernan/.npm/request/2.47.0'
174 verbose exit [ 3, true ]
